<?xml version="1.0" encoding="UTF-8"?>
<!-- Generated by org.testng.reporters.JUnitReportReporter -->
<testsuite skipped="0" hostname="Venkatesh" name="testcases.Test_001" tests="3" failures="0" timestamp="2023-01-13T20:47:01 IST" time="16.320" errors="0">
  <testcase name="validateLogin" time="11.357" classname="testcases.Test_001"/>
  <system-out/>
  <testcase name="validateAccountUsername" time="0.115" classname="testcases.Test_001"/>
  <system-out/>
  <testcase name="validateLogout" time="4.848" classname="testcases.Test_001"/>
  <system-out/>
</testsuite> <!-- testcases.Test_001 -->
